<?xml version="1.0" encoding="UTF-8"?>
<testng-results skipped="0" failed="0" ignored="0" total="1" passed="1">
  <reporter-output>
  </reporter-output>
  <suite name="Command line suite" duration-ms="39" started-at="2018-07-09T16:35:22Z" finished-at="2018-07-09T16:35:22Z">
    <groups>
    </groups>
    <test name="Command line test" duration-ms="39" started-at="2018-07-09T16:35:22Z" finished-at="2018-07-09T16:35:22Z">
      <class name="com.demo.SeleniumPractice.AppTest">
        <test-method status="PASS" signature="testApp()[pri:0, instance:testApp(com.demo.SeleniumPractice.AppTest)]" name="testApp" duration-ms="1" started-at="2018-07-09T22:05:22Z" finished-at="2018-07-09T22:05:22Z">
          <reporter-output>
          </reporter-output>
        </test-method> <!-- testApp -->
      </class> <!-- com.demo.SeleniumPractice.AppTest -->
    </test> <!-- Command line test -->
  </suite> <!-- Command line suite -->
</testng-results>
