<?xml version="1.0" encoding="UTF-8"?>
<!-- Generated by org.testng.reporters.JUnitXMLReporter -->
<testsuite hostname="DESKTOP-8SUAO90" ignored="0" name="Command line test" tests="1" failures="0" timestamp="09 Jul 2018 16:35:21 GMT" time="0.39" errors="0">
  <testcase name="@BeforeClass setUpClass" time="0.338" classname="com.demo.SeleniumPractice.TestRunner">
    <failure type="cucumber.runtime.CucumberException" message="Failed to instantiate public cucumber.runtime.java.JavaBackend(cucumber.runtime.io.ResourceLoader) with [cucumber.runtime.io.MultiLoader@ed7f8b4]">
      <![CDATA[cucumber.runtime.CucumberException: Failed to instantiate public cucumber.runtime.java.JavaBackend(cucumber.runtime.io.ResourceLoader) with [cucumber.runtime.io.MultiLoader@ed7f8b4]at cucumber.runtime.Reflections.newInstance(Reflections.java:44)at cucumber.runtime.Reflections.instantiateSubclasses(Reflections.java:30)at cucumber.runtime.Runtime.loadBackends(Runtime.java:98)at cucumber.runtime.Runtime.<init>(Runtime.java:65)at cucumber.api.testng.TestNGCucumberRunner.<init>(TestNGCucumberRunner.java:42)at com.demo.SeleniumPractice.TestRunner.setUpClass(TestRunner.java:29)at cucumber.runtime.Reflections.newInstance(Reflections.java:41)... 41 moreCaused by: java.lang.NoClassDefFoundError: org/springframework/context/ConfigurableApplicationContextat java.lang.Class.getDeclaredConstructors0(Native Method)at java.lang.Class.privateGetDeclaredConstructors(Class.java:2671)at java.lang.Class.getConstructor0(Class.java:3075)at java.lang.Class.getConstructor(Class.java:1825)at cucumber.runtime.Reflections.hasConstructor(Reflections.java:53)at cucumber.runtime.Reflections.instantiateSubclasses(Reflections.java:29)at cucumber.runtime.Reflections.instantiateExactlyOneSubclass(Reflections.java:16)at cucumber.runtime.java.ObjectFactoryLoader.loadObjectFactory(ObjectFactoryLoader.java:28)at cucumber.runtime.java.JavaBackend.<init>(JavaBackend.java:65)... 46 moreCaused by: java.lang.ClassNotFoundException: org.springframework.context.ConfigurableApplicationContextat java.net.URLClassLoader.findClass(URLClassLoader.java:381)at java.lang.ClassLoader.loadClass(ClassLoader.java:424)at sun.misc.Launcher$AppClassLoader.loadClass(Launcher.java:349)at java.lang.ClassLoader.loadClass(ClassLoader.java:357)... 55 more... Removed 41 stack frames]]>
    </failure>
  </testcase> <!-- @BeforeClass setUpClass -->
  <testcase name="@AfterClass tearDownClass" time="0.0" classname="com.demo.SeleniumPractice.TestRunner">
    <failure type="java.lang.NullPointerException">
      <![CDATA[java.lang.NullPointerExceptionat com.demo.SeleniumPractice.TestRunner.tearDownClass(TestRunner.java:44)... Removed 36 stack frames]]>
    </failure>
  </testcase> <!-- @AfterClass tearDownClass -->
  <testcase name="feature" time="0.0" classname="com.demo.SeleniumPractice.TestRunner">
    <skipped/>
  </testcase> <!-- feature -->
</testsuite> <!-- Command line test -->
