<?xml version="1.0" encoding="UTF-8" ?>
<testsuite tests="4" failures="2" name="TestSuite" time="16.664" errors="0" skipped="1">
  <properties>
[...]
</properties>
  <testcase classname="com.demo.SeleniumPractice.TestRunner" name="setUpClass" time="3.88">
    <failure message="Failed to instantiate public cucumber.runtime.java.JavaBackend(cucumber.runtime.io.ResourceLoader) with [cucumber.runtime.io.MultiLoader@ed7f8b4]" type="cucumber.runtime.CucumberException">cucumber.runtime.CucumberException: Failed to instantiate public cucumber.runtime.java.JavaBackend(cucumber.runtime.io.ResourceLoader) with [cucumber.runtime.io.MultiLoader@ed7f8b4]
	at cucumber.runtime.Reflections.newInstance(Reflections.java:44)
	at cucumber.runtime.Reflections.instantiateSubclasses(Reflections.java:30)
	at cucumber.runtime.Runtime.loadBackends(Runtime.java:98)
	at cucumber.runtime.Runtime.&lt;init&gt;(Runtime.java:65)
	at cucumber.api.testng.TestNGCucumberRunner.&lt;init&gt;(TestNGCucumberRunner.java:42)
	at com.demo.SeleniumPractice.TestRunner.setUpClass(TestRunner.java:29)
Caused by: java.lang.reflect.InvocationTargetException
	at sun.reflect.NativeConstructorAccessorImpl.newInstance0(Native Method)
	at sun.reflect.NativeConstructorAccessorImpl.newInstance(NativeConstructorAccessorImpl.java:62)
	at sun.reflect.DelegatingConstructorAccessorImpl.newInstance(DelegatingConstructorAccessorImpl.java:45)
	at java.lang.reflect.Constructor.newInstance(Constructor.java:423)
	at cucumber.runtime.Reflections.newInstance(Reflections.java:41)
	... 41 more
Caused by: java.lang.NoClassDefFoundError: org/springframework/context/ConfigurableApplicationContext
	at java.lang.Class.getDeclaredConstructors0(Native Method)
	at java.lang.Class.privateGetDeclaredConstructors(Class.java:2671)
	at java.lang.Class.getConstructor0(Class.java:3075)
	at java.lang.Class.getConstructor(Class.java:1825)
	at cucumber.runtime.Reflections.hasConstructor(Reflections.java:53)
	at cucumber.runtime.Reflections.instantiateSubclasses(Reflections.java:29)
	at cucumber.runtime.Reflections.instantiateExactlyOneSubclass(Reflections.java:16)
	at cucumber.runtime.java.ObjectFactoryLoader.loadObjectFactory(ObjectFactoryLoader.java:28)
	at cucumber.runtime.java.JavaBackend.&lt;init&gt;(JavaBackend.java:65)
	... 46 more
Caused by: java.lang.ClassNotFoundException: org.springframework.context.ConfigurableApplicationContext
	at java.net.URLClassLoader.findClass(URLClassLoader.java:381)
	at java.lang.ClassLoader.loadClass(ClassLoader.java:424)
	at sun.misc.Launcher$AppClassLoader.loadClass(Launcher.java:349)
	at java.lang.ClassLoader.loadClass(ClassLoader.java:357)
	... 55 more
</failure>
    <system-out>Configuring TestNG with: org.apache.maven.surefire.testng.conf.TestNG652Configurator@782830e
</system-out>
  </testcase>
  <testcase classname="com.demo.SeleniumPractice.TestRunner" name="feature" time="3.927">
    <skipped/>
    <system-err>[Utils] [ERROR] [Error] java.lang.NullPointerException
	at com.demo.SeleniumPractice.TestRunner.features(TestRunner.java:39)
	at sun.reflect.NativeMethodAccessorImpl.invoke0(Native Method)
	at sun.reflect.NativeMethodAccessorImpl.invoke(NativeMethodAccessorImpl.java:62)
	at sun.reflect.DelegatingMethodAccessorImpl.invoke(DelegatingMethodAccessorImpl.java:43)
	at java.lang.reflect.Method.invoke(Method.java:498)
	at org.testng.internal.MethodInvocationHelper.invokeMethod(MethodInvocationHelper.java:124)
	at org.testng.internal.MethodInvocationHelper.invokeMethod(MethodInvocationHelper.java:74)
	at org.testng.internal.MethodInvocationHelper.invokeMethodNoCheckedException(MethodInvocationHelper.java:45)
	at org.testng.internal.MethodInvocationHelper.invokeDataProvider(MethodInvocationHelper.java:131)
	at org.testng.internal.Parameters.handleParameters(Parameters.java:706)
	at org.testng.internal.ParameterHandler.handleParameters(ParameterHandler.java:49)
	at org.testng.internal.ParameterHandler.createParameters(ParameterHandler.java:37)
	at org.testng.internal.Invoker.invokeTestMethods(Invoker.java:914)
	at org.testng.internal.TestMethodWorker.invokeTestMethods(TestMethodWorker.java:125)
	at org.testng.internal.TestMethodWorker.run(TestMethodWorker.java:109)
	at org.testng.TestRunner.privateRun(TestRunner.java:648)
	at org.testng.TestRunner.run(TestRunner.java:505)
	at org.testng.SuiteRunner.runTest(SuiteRunner.java:455)
	at org.testng.SuiteRunner.runSequentially(SuiteRunner.java:450)
	at org.testng.SuiteRunner.privateRun(SuiteRunner.java:415)
	at org.testng.SuiteRunner.run(SuiteRunner.java:364)
	at org.testng.SuiteRunnerWorker.runSuite(SuiteRunnerWorker.java:52)
	at org.testng.SuiteRunnerWorker.run(SuiteRunnerWorker.java:84)
	at org.testng.TestNG.runSuitesSequentially(TestNG.java:1187)
	at org.testng.TestNG.runSuitesLocally(TestNG.java:1116)
	at org.testng.TestNG.runSuites(TestNG.java:1028)
	at org.testng.TestNG.run(TestNG.java:996)
	at org.apache.maven.surefire.testng.TestNGExecutor.run(TestNGExecutor.java:77)
	at org.apache.maven.surefire.testng.TestNGDirectoryTestSuite.executeMulti(TestNGDirectoryTestSuite.java:159)
	at org.apache.maven.surefire.testng.TestNGDirectoryTestSuite.execute(TestNGDirectoryTestSuite.java:99)
	at org.apache.maven.surefire.testng.TestNGProvider.invoke(TestNGProvider.java:106)
	at sun.reflect.NativeMethodAccessorImpl.invoke0(Native Method)
	at sun.reflect.NativeMethodAccessorImpl.invoke(NativeMethodAccessorImpl.java:62)
	at sun.reflect.DelegatingMethodAccessorImpl.invoke(DelegatingMethodAccessorImpl.java:43)
	at java.lang.reflect.Method.invoke(Method.java:498)
	at org.apache.maven.surefire.util.ReflectionUtils.invokeMethodWithArray(ReflectionUtils.java:189)
	at org.apache.maven.surefire.booter.ProviderFactory$ProviderProxy.invoke(ProviderFactory.java:165)
	at org.apache.maven.surefire.booter.ProviderFactory.invokeProvider(ProviderFactory.java:85)
	at org.apache.maven.surefire.booter.ForkedBooter.runSuitesInProcess(ForkedBooter.java:115)
	at org.apache.maven.surefire.booter.ForkedBooter.main(ForkedBooter.java:75)

</system-err>
  </testcase>
  <testcase classname="com.demo.SeleniumPractice.TestRunner" name="tearDownClass" time="3.932">
    <failure type="java.lang.NullPointerException">java.lang.NullPointerException
	at com.demo.SeleniumPractice.TestRunner.tearDownClass(TestRunner.java:44)
</failure>
  </testcase>
  <testcase classname="com.demo.SeleniumPractice.AppTest" name="testApp on testApp(com.demo.SeleniumPractice.AppTest)" time="4.925"/>
</testsuite>