<?xml version="1.0" encoding="UTF-8"?>
<testng-results skipped="0" failed="0" ignored="0" total="1" passed="1">
  <reporter-output>
  </reporter-output>
  <suite name="cucumberSuite" duration-ms="9980" started-at="2018-07-14T08:09:57Z" finished-at="2018-07-14T08:10:07Z">
    <groups>
      <group name="cucumber">
        <method signature="TestRunner.feature(cucumber.api.testng.CucumberFeatureWrapper)[pri:0, instance:com.demo.SeleniumPractice.TestRunner@6fd02e5]" name="feature" class="com.demo.SeleniumPractice.TestRunner"/>
      </group> <!-- cucumber -->
    </groups>
    <test name="testBDD" duration-ms="9980" started-at="2018-07-14T08:09:57Z" finished-at="2018-07-14T08:10:07Z">
      <class name="com.demo.SeleniumPractice.TestRunner">
        <test-method status="PASS" signature="setUpClass()[pri:0, instance:com.demo.SeleniumPractice.TestRunner@6fd02e5]" name="setUpClass" is-config="true" duration-ms="447" started-at="2018-07-14T08:09:57Z" finished-at="2018-07-14T08:09:58Z">
          <reporter-output>
          </reporter-output>
        </test-method> <!-- setUpClass -->
        <test-method status="PASS" signature="feature(cucumber.api.testng.CucumberFeatureWrapper)[pri:0, instance:com.demo.SeleniumPractice.TestRunner@6fd02e5]" name="feature" duration-ms="7664" started-at="2018-07-14T08:09:58Z" description="Runs Cucumber Feature" data-provider="features" finished-at="2018-07-14T08:10:06Z">
          <params>
            <param index="0">
              <value>
                <![CDATA[Title of your feature]]>
              </value>
            </param>
          </params>
          <reporter-output>
          </reporter-output>
        </test-method> <!-- feature -->
        <test-method status="PASS" signature="tearDownClass()[pri:0, instance:com.demo.SeleniumPractice.TestRunner@6fd02e5]" name="tearDownClass" is-config="true" duration-ms="1714" started-at="2018-07-14T08:10:06Z" finished-at="2018-07-14T08:10:07Z">
          <reporter-output>
          </reporter-output>
        </test-method> <!-- tearDownClass -->
      </class> <!-- com.demo.SeleniumPractice.TestRunner -->
    </test> <!-- testBDD -->
  </suite> <!-- cucumberSuite -->
</testng-results>
